==============================================================================
20170123 16:59:04.232 - INFO - + START SUITE: Acceptancetest [ ]
==============================================================================
20170123 16:59:04.300 - INFO - +- START SUITE: Acceptancetest.TicTacToeTests [ ]
==============================================================================
20170123 16:59:04.308 - INFO - +-- START TEST: Win Diagonally as X [ ]
------------------------------------------------------------------------------
20170123 16:59:04.315 - INFO - +--- START KW: keywords.TicTacToeKeywords.Start New Game [ ]
20170123 16:59:04.322 - INFO - +--- END KW: keywords.TicTacToeKeywords.Start New Game (6)
~~~~~~~~~~~~~~~~~~~~~~~~~~~~~~~~~~~~~~~~~~~~~~~~~~~~~~~~~~~~~~~~~~~~~~~~~~~~~~
20170123 16:59:04.332 - INFO - +--- START KW: keywords.TicTacToeKeywords.Mark Location [ 1 | 1 ]
20170123 16:59:04.339 - INFO - +--- END KW: keywords.TicTacToeKeywords.Mark Location (9)
~~~~~~~~~~~~~~~~~~~~~~~~~~~~~~~~~~~~~~~~~~~~~~~~~~~~~~~~~~~~~~~~~~~~~~~~~~~~~~
20170123 16:59:04.341 - INFO - +--- START KW: Check Location [ 1 | 1 | X ]
20170123 16:59:04.356 - INFO - +---- START KW: keywords.TicTacToeKeywords.Get Mark [ ${row} | ${col} ]
20170123 16:59:04.365 - INFO - ${m} = X
20170123 16:59:04.373 - INFO - +---- END KW: keywords.TicTacToeKeywords.Get Mark (11)
20170123 16:59:04.374 - INFO - +---- START KW: BuiltIn.Should Be Equal [ ${m} | ${mark} ]
20170123 16:59:04.382 - INFO - +---- END KW: BuiltIn.Should Be Equal (6)
20170123 16:59:04.385 - INFO - +--- END KW: Check Location (43)
~~~~~~~~~~~~~~~~~~~~~~~~~~~~~~~~~~~~~~~~~~~~~~~~~~~~~~~~~~~~~~~~~~~~~~~~~~~~~~
20170123 16:59:04.389 - INFO - +--- START KW: keywords.TicTacToeKeywords.Mark Location [ 0 | 1 ]
20170123 16:59:04.394 - INFO - +--- END KW: keywords.TicTacToeKeywords.Mark Location (5)
~~~~~~~~~~~~~~~~~~~~~~~~~~~~~~~~~~~~~~~~~~~~~~~~~~~~~~~~~~~~~~~~~~~~~~~~~~~~~~
20170123 16:59:04.396 - INFO - +--- START KW: Check Location [ 0 | 1 | O ]
20170123 16:59:04.401 - INFO - +---- START KW: keywords.TicTacToeKeywords.Get Mark [ ${row} | ${col} ]
20170123 16:59:04.408 - INFO - ${m} = O
20170123 16:59:04.413 - INFO - +---- END KW: keywords.TicTacToeKeywords.Get Mark (10)
20170123 16:59:04.415 - INFO - +---- START KW: BuiltIn.Should Be Equal [ ${m} | ${mark} ]
20170123 16:59:04.422 - INFO - +---- END KW: BuiltIn.Should Be Equal (6)
20170123 16:59:04.425 - INFO - +--- END KW: Check Location (29)
~~~~~~~~~~~~~~~~~~~~~~~~~~~~~~~~~~~~~~~~~~~~~~~~~~~~~~~~~~~~~~~~~~~~~~~~~~~~~~
20170123 16:59:04.426 - INFO - +--- START KW: keywords.TicTacToeKeywords.Mark Location [ 0 | 0 ]
20170123 16:59:04.431 - INFO - +--- END KW: keywords.TicTacToeKeywords.Mark Location (4)
~~~~~~~~~~~~~~~~~~~~~~~~~~~~~~~~~~~~~~~~~~~~~~~~~~~~~~~~~~~~~~~~~~~~~~~~~~~~~~
20170123 16:59:04.433 - INFO - +--- START KW: Check Location [ 0 | 0 | X ]
20170123 16:59:04.440 - INFO - +---- START KW: keywords.TicTacToeKeywords.Get Mark [ ${row} | ${col} ]
20170123 16:59:04.446 - INFO - ${m} = X
20170123 16:59:04.452 - INFO - +---- END KW: keywords.TicTacToeKeywords.Get Mark (12)
20170123 16:59:04.453 - INFO - +---- START KW: BuiltIn.Should Be Equal [ ${m} | ${mark} ]
20170123 16:59:04.459 - INFO - +---- END KW: BuiltIn.Should Be Equal (5)
20170123 16:59:04.461 - INFO - +--- END KW: Check Location (28)
~~~~~~~~~~~~~~~~~~~~~~~~~~~~~~~~~~~~~~~~~~~~~~~~~~~~~~~~~~~~~~~~~~~~~~~~~~~~~~
20170123 16:59:04.463 - INFO - +--- START KW: keywords.TicTacToeKeywords.Mark Location [ 0 | 2 ]
20170123 16:59:04.470 - INFO - +--- END KW: keywords.TicTacToeKeywords.Mark Location (5)
~~~~~~~~~~~~~~~~~~~~~~~~~~~~~~~~~~~~~~~~~~~~~~~~~~~~~~~~~~~~~~~~~~~~~~~~~~~~~~
20170123 16:59:04.471 - INFO - +--- START KW: Check Location [ 0 | 2 | O ]
20170123 16:59:04.477 - INFO - +---- START KW: keywords.TicTacToeKeywords.Get Mark [ ${row} | ${col} ]
20170123 16:59:04.483 - INFO - ${m} = O
20170123 16:59:04.485 - INFO - +---- END KW: keywords.TicTacToeKeywords.Get Mark (7)
20170123 16:59:04.486 - INFO - +---- START KW: BuiltIn.Should Be Equal [ ${m} | ${mark} ]
20170123 16:59:04.493 - INFO - +---- END KW: BuiltIn.Should Be Equal (5)
20170123 16:59:04.495 - INFO - +--- END KW: Check Location (23)
~~~~~~~~~~~~~~~~~~~~~~~~~~~~~~~~~~~~~~~~~~~~~~~~~~~~~~~~~~~~~~~~~~~~~~~~~~~~~~
20170123 16:59:04.496 - INFO - +--- START KW: keywords.TicTacToeKeywords.Mark Location [ 2 | 2 ]
20170123 16:59:04.501 - INFO - +--- END KW: keywords.TicTacToeKeywords.Mark Location (3)
~~~~~~~~~~~~~~~~~~~~~~~~~~~~~~~~~~~~~~~~~~~~~~~~~~~~~~~~~~~~~~~~~~~~~~~~~~~~~~
20170123 16:59:04.503 - INFO - +--- START KW: Check Location [ 2 | 2 | X ]
20170123 16:59:04.508 - INFO - +---- START KW: keywords.TicTacToeKeywords.Get Mark [ ${row} | ${col} ]
20170123 16:59:04.513 - INFO - ${m} = X
20170123 16:59:04.515 - INFO - +---- END KW: keywords.TicTacToeKeywords.Get Mark (6)
20170123 16:59:04.516 - INFO - +---- START KW: BuiltIn.Should Be Equal [ ${m} | ${mark} ]
20170123 16:59:04.523 - INFO - +---- END KW: BuiltIn.Should Be Equal (6)
20170123 16:59:04.525 - INFO - +--- END KW: Check Location (23)
~~~~~~~~~~~~~~~~~~~~~~~~~~~~~~~~~~~~~~~~~~~~~~~~~~~~~~~~~~~~~~~~~~~~~~~~~~~~~~
20170123 16:59:04.526 - INFO - +--- START KW: Winner Should Be [ X ]
20170123 16:59:04.529 - INFO - +---- START KW: keywords.TicTacToeKeywords.Get Winner [ ]
20170123 16:59:04.534 - INFO - ${m} = X
20170123 16:59:04.537 - INFO - +---- END KW: keywords.TicTacToeKeywords.Get Winner (7)
20170123 16:59:04.538 - INFO - +---- START KW: BuiltIn.Should Be Equal [ ${m} | ${mark} ]
20170123 16:59:04.542 - INFO - +---- END KW: BuiltIn.Should Be Equal (4)
20170123 16:59:04.544 - INFO - +--- END KW: Winner Should Be (17)
------------------------------------------------------------------------------
20170123 16:59:04.547 - INFO - +-- END TEST: Win Diagonally as X (238)
------------------------------------------------------------------------------
20170123 16:59:04.550 - INFO - +-- START TEST: Win Horizontally as O [ ]
------------------------------------------------------------------------------
20170123 16:59:04.554 - INFO - +--- START KW: keywords.TicTacToeKeywords.Start New Game [ ]
20170123 16:59:04.558 - INFO - +--- END KW: keywords.TicTacToeKeywords.Start New Game (4)
~~~~~~~~~~~~~~~~~~~~~~~~~~~~~~~~~~~~~~~~~~~~~~~~~~~~~~~~~~~~~~~~~~~~~~~~~~~~~~
20170123 16:59:04.559 - INFO - +--- START KW: keywords.TicTacToeKeywords.Mark Location [ 1 | 1 ]
20170123 16:59:04.563 - INFO - +--- END KW: keywords.TicTacToeKeywords.Mark Location (3)
~~~~~~~~~~~~~~~~~~~~~~~~~~~~~~~~~~~~~~~~~~~~~~~~~~~~~~~~~~~~~~~~~~~~~~~~~~~~~~
20170123 16:59:04.564 - INFO - +--- START KW: Check Location [ 1 | 1 | X ]
20170123 16:59:04.568 - INFO - +---- START KW: keywords.TicTacToeKeywords.Get Mark [ ${row} | ${col} ]
20170123 16:59:04.577 - INFO - ${m} = X
20170123 16:59:04.579 - INFO - +---- END KW: keywords.TicTacToeKeywords.Get Mark (10)
20170123 16:59:04.580 - INFO - +---- START KW: BuiltIn.Should Be Equal [ ${m} | ${mark} ]
20170123 16:59:04.585 - INFO - +---- END KW: BuiltIn.Should Be Equal (5)
20170123 16:59:04.588 - INFO - +--- END KW: Check Location (23)
~~~~~~~~~~~~~~~~~~~~~~~~~~~~~~~~~~~~~~~~~~~~~~~~~~~~~~~~~~~~~~~~~~~~~~~~~~~~~~
20170123 16:59:04.589 - INFO - +--- START KW: keywords.TicTacToeKeywords.Mark Location [ 2 | 0 ]
20170123 16:59:04.594 - INFO - +--- END KW: keywords.TicTacToeKeywords.Mark Location (4)
~~~~~~~~~~~~~~~~~~~~~~~~~~~~~~~~~~~~~~~~~~~~~~~~~~~~~~~~~~~~~~~~~~~~~~~~~~~~~~
20170123 16:59:04.596 - INFO - +--- START KW: Check Location [ 2 | 0 | O ]
20170123 16:59:04.599 - INFO - +---- START KW: keywords.TicTacToeKeywords.Get Mark [ ${row} | ${col} ]
20170123 16:59:04.605 - INFO - ${m} = O
20170123 16:59:04.607 - INFO - +---- END KW: keywords.TicTacToeKeywords.Get Mark (7)
20170123 16:59:04.609 - INFO - +---- START KW: BuiltIn.Should Be Equal [ ${m} | ${mark} ]
20170123 16:59:04.614 - INFO - +---- END KW: BuiltIn.Should Be Equal (5)
20170123 16:59:04.616 - INFO - +--- END KW: Check Location (20)
~~~~~~~~~~~~~~~~~~~~~~~~~~~~~~~~~~~~~~~~~~~~~~~~~~~~~~~~~~~~~~~~~~~~~~~~~~~~~~
20170123 16:59:04.617 - INFO - +--- START KW: keywords.TicTacToeKeywords.Mark Location [ 0 | 0 ]
20170123 16:59:04.622 - INFO - +--- END KW: keywords.TicTacToeKeywords.Mark Location (4)
~~~~~~~~~~~~~~~~~~~~~~~~~~~~~~~~~~~~~~~~~~~~~~~~~~~~~~~~~~~~~~~~~~~~~~~~~~~~~~
20170123 16:59:04.623 - INFO - +--- START KW: Check Location [ 0 | 0 | X ]
20170123 16:59:04.627 - INFO - +---- START KW: keywords.TicTacToeKeywords.Get Mark [ ${row} | ${col} ]
20170123 16:59:04.631 - INFO - ${m} = X
20170123 16:59:04.634 - INFO - +---- END KW: keywords.TicTacToeKeywords.Get Mark (6)
20170123 16:59:04.635 - INFO - +---- START KW: BuiltIn.Should Be Equal [ ${m} | ${mark} ]
20170123 16:59:04.644 - INFO - +---- END KW: BuiltIn.Should Be Equal (8)
20170123 16:59:04.646 - INFO - +--- END KW: Check Location (23)
~~~~~~~~~~~~~~~~~~~~~~~~~~~~~~~~~~~~~~~~~~~~~~~~~~~~~~~~~~~~~~~~~~~~~~~~~~~~~~
20170123 16:59:04.647 - INFO - +--- START KW: keywords.TicTacToeKeywords.Mark Location [ 2 | 2 ]
20170123 16:59:04.649 - INFO - +--- END KW: keywords.TicTacToeKeywords.Mark Location (2)
~~~~~~~~~~~~~~~~~~~~~~~~~~~~~~~~~~~~~~~~~~~~~~~~~~~~~~~~~~~~~~~~~~~~~~~~~~~~~~
20170123 16:59:04.650 - INFO - +--- START KW: Check Location [ 2 | 2 | O ]
20170123 16:59:04.658 - INFO - +---- START KW: keywords.TicTacToeKeywords.Get Mark [ ${row} | ${col} ]
20170123 16:59:04.663 - INFO - ${m} = O
20170123 16:59:04.665 - INFO - +---- END KW: keywords.TicTacToeKeywords.Get Mark (6)
20170123 16:59:04.666 - INFO - +---- START KW: BuiltIn.Should Be Equal [ ${m} | ${mark} ]
20170123 16:59:04.676 - INFO - +---- END KW: BuiltIn.Should Be Equal (10)
20170123 16:59:04.679 - INFO - +--- END KW: Check Location (28)
~~~~~~~~~~~~~~~~~~~~~~~~~~~~~~~~~~~~~~~~~~~~~~~~~~~~~~~~~~~~~~~~~~~~~~~~~~~~~~
20170123 16:59:04.682 - INFO - +--- START KW: keywords.TicTacToeKeywords.Mark Location [ 0 | 2 ]
20170123 16:59:04.688 - INFO - +--- END KW: keywords.TicTacToeKeywords.Mark Location (5)
~~~~~~~~~~~~~~~~~~~~~~~~~~~~~~~~~~~~~~~~~~~~~~~~~~~~~~~~~~~~~~~~~~~~~~~~~~~~~~
20170123 16:59:04.689 - INFO - +--- START KW: Check Location [ 0 | 2 | X ]
20170123 16:59:04.694 - INFO - +---- START KW: keywords.TicTacToeKeywords.Get Mark [ ${row} | ${col} ]
20170123 16:59:04.699 - INFO - ${m} = X
20170123 16:59:04.700 - INFO - +---- END KW: keywords.TicTacToeKeywords.Get Mark (6)
20170123 16:59:04.701 - INFO - +---- START KW: BuiltIn.Should Be Equal [ ${m} | ${mark} ]
20170123 16:59:04.707 - INFO - +---- END KW: BuiltIn.Should Be Equal (3)
20170123 16:59:04.709 - INFO - +--- END KW: Check Location (19)
~~~~~~~~~~~~~~~~~~~~~~~~~~~~~~~~~~~~~~~~~~~~~~~~~~~~~~~~~~~~~~~~~~~~~~~~~~~~~~
20170123 16:59:04.711 - INFO - +--- START KW: keywords.TicTacToeKeywords.Mark Location [ 2 | 1 ]
20170123 16:59:04.716 - INFO - +--- END KW: keywords.TicTacToeKeywords.Mark Location (4)
~~~~~~~~~~~~~~~~~~~~~~~~~~~~~~~~~~~~~~~~~~~~~~~~~~~~~~~~~~~~~~~~~~~~~~~~~~~~~~
20170123 16:59:04.717 - INFO - +--- START KW: Check Location [ 2 | 1 | O ]
20170123 16:59:04.721 - INFO - +---- START KW: keywords.TicTacToeKeywords.Get Mark [ ${row} | ${col} ]
20170123 16:59:04.725 - INFO - ${m} = O
20170123 16:59:04.727 - INFO - +---- END KW: keywords.TicTacToeKeywords.Get Mark (5)
20170123 16:59:04.729 - INFO - +---- START KW: BuiltIn.Should Be Equal [ ${m} | ${mark} ]
20170123 16:59:04.733 - INFO - +---- END KW: BuiltIn.Should Be Equal (4)
20170123 16:59:04.736 - INFO - +--- END KW: Check Location (18)
~~~~~~~~~~~~~~~~~~~~~~~~~~~~~~~~~~~~~~~~~~~~~~~~~~~~~~~~~~~~~~~~~~~~~~~~~~~~~~
20170123 16:59:04.737 - INFO - +--- START KW: Winner Should Be [ O ]
20170123 16:59:04.740 - INFO - +---- START KW: keywords.TicTacToeKeywords.Get Winner [ ]
20170123 16:59:04.741 - INFO - ${m} = O
20170123 16:59:04.743 - INFO - +---- END KW: keywords.TicTacToeKeywords.Get Winner (3)
20170123 16:59:04.743 - INFO - +---- START KW: BuiltIn.Should Be Equal [ ${m} | ${mark} ]
20170123 16:59:04.747 - INFO - +---- END KW: BuiltIn.Should Be Equal (4)
20170123 16:59:04.749 - INFO - +--- END KW: Winner Should Be (12)
------------------------------------------------------------------------------
20170123 16:59:04.754 - INFO - +-- END TEST: Win Horizontally as O (201)
------------------------------------------------------------------------------
20170123 16:59:04.757 - INFO - +-- START TEST: Force a Tie [ ]
------------------------------------------------------------------------------
20170123 16:59:04.762 - INFO - +--- START KW: keywords.TicTacToeKeywords.Start New Game [ ]
20170123 16:59:04.766 - INFO - +--- END KW: keywords.TicTacToeKeywords.Start New Game (3)
~~~~~~~~~~~~~~~~~~~~~~~~~~~~~~~~~~~~~~~~~~~~~~~~~~~~~~~~~~~~~~~~~~~~~~~~~~~~~~
20170123 16:59:04.768 - INFO - +--- START KW: keywords.TicTacToeKeywords.Mark Location [ 1 | 1 ]
20170123 16:59:04.774 - INFO - +--- END KW: keywords.TicTacToeKeywords.Mark Location (6)
~~~~~~~~~~~~~~~~~~~~~~~~~~~~~~~~~~~~~~~~~~~~~~~~~~~~~~~~~~~~~~~~~~~~~~~~~~~~~~
20170123 16:59:04.775 - INFO - +--- START KW: Check Location [ 1 | 1 | X ]
20170123 16:59:04.778 - INFO - +---- START KW: keywords.TicTacToeKeywords.Get Mark [ ${row} | ${col} ]
20170123 16:59:04.783 - INFO - ${m} = X
20170123 16:59:04.784 - INFO - +---- END KW: keywords.TicTacToeKeywords.Get Mark (6)
20170123 16:59:04.787 - INFO - +---- START KW: BuiltIn.Should Be Equal [ ${m} | ${mark} ]
20170123 16:59:04.794 - INFO - +---- END KW: BuiltIn.Should Be Equal (8)
20170123 16:59:04.797 - INFO - +--- END KW: Check Location (21)
~~~~~~~~~~~~~~~~~~~~~~~~~~~~~~~~~~~~~~~~~~~~~~~~~~~~~~~~~~~~~~~~~~~~~~~~~~~~~~
20170123 16:59:04.799 - INFO - +--- START KW: keywords.TicTacToeKeywords.Mark Location [ 0 | 0 ]
20170123 16:59:04.802 - INFO - +--- END KW: keywords.TicTacToeKeywords.Mark Location (3)
~~~~~~~~~~~~~~~~~~~~~~~~~~~~~~~~~~~~~~~~~~~~~~~~~~~~~~~~~~~~~~~~~~~~~~~~~~~~~~
20170123 16:59:04.804 - INFO - +--- START KW: Check Location [ 0 | 0 | O ]
20170123 16:59:04.807 - INFO - +---- START KW: keywords.TicTacToeKeywords.Get Mark [ ${row} | ${col} ]
20170123 16:59:04.811 - INFO - ${m} = O
20170123 16:59:04.813 - INFO - +---- END KW: keywords.TicTacToeKeywords.Get Mark (5)
20170123 16:59:04.814 - INFO - +---- START KW: BuiltIn.Should Be Equal [ ${m} | ${mark} ]
20170123 16:59:04.819 - INFO - +---- END KW: BuiltIn.Should Be Equal (4)
20170123 16:59:04.821 - INFO - +--- END KW: Check Location (17)
~~~~~~~~~~~~~~~~~~~~~~~~~~~~~~~~~~~~~~~~~~~~~~~~~~~~~~~~~~~~~~~~~~~~~~~~~~~~~~
20170123 16:59:04.823 - INFO - +--- START KW: keywords.TicTacToeKeywords.Mark Location [ 2 | 0 ]
20170123 16:59:04.826 - INFO - +--- END KW: keywords.TicTacToeKeywords.Mark Location (3)
~~~~~~~~~~~~~~~~~~~~~~~~~~~~~~~~~~~~~~~~~~~~~~~~~~~~~~~~~~~~~~~~~~~~~~~~~~~~~~
20170123 16:59:04.827 - INFO - +--- START KW: Check Location [ 2 | 0 | X ]
20170123 16:59:04.832 - INFO - +---- START KW: keywords.TicTacToeKeywords.Get Mark [ ${row} | ${col} ]
20170123 16:59:04.835 - INFO - ${m} = X
20170123 16:59:04.837 - INFO - +---- END KW: keywords.TicTacToeKeywords.Get Mark (6)
20170123 16:59:04.839 - INFO - +---- START KW: BuiltIn.Should Be Equal [ ${m} | ${mark} ]
20170123 16:59:04.848 - INFO - +---- END KW: BuiltIn.Should Be Equal (8)
20170123 16:59:04.850 - INFO - +--- END KW: Check Location (23)
~~~~~~~~~~~~~~~~~~~~~~~~~~~~~~~~~~~~~~~~~~~~~~~~~~~~~~~~~~~~~~~~~~~~~~~~~~~~~~
20170123 16:59:04.853 - INFO - +--- START KW: keywords.TicTacToeKeywords.Mark Location [ 0 | 2 ]
20170123 16:59:04.863 - INFO - +--- END KW: keywords.TicTacToeKeywords.Mark Location (11)
~~~~~~~~~~~~~~~~~~~~~~~~~~~~~~~~~~~~~~~~~~~~~~~~~~~~~~~~~~~~~~~~~~~~~~~~~~~~~~
20170123 16:59:04.864 - INFO - +--- START KW: Check Location [ 0 | 2 | O ]
20170123 16:59:04.868 - INFO - +---- START KW: keywords.TicTacToeKeywords.Get Mark [ ${row} | ${col} ]
20170123 16:59:04.879 - INFO - ${m} = O
20170123 16:59:04.880 - INFO - +---- END KW: keywords.TicTacToeKeywords.Get Mark (12)
20170123 16:59:04.881 - INFO - +---- START KW: BuiltIn.Should Be Equal [ ${m} | ${mark} ]
20170123 16:59:04.884 - INFO - +---- END KW: BuiltIn.Should Be Equal (3)
20170123 16:59:04.889 - INFO - +--- END KW: Check Location (24)
~~~~~~~~~~~~~~~~~~~~~~~~~~~~~~~~~~~~~~~~~~~~~~~~~~~~~~~~~~~~~~~~~~~~~~~~~~~~~~
20170123 16:59:04.890 - INFO - +--- START KW: keywords.TicTacToeKeywords.Mark Location [ 0 | 1 ]
20170123 16:59:04.894 - INFO - +--- END KW: keywords.TicTacToeKeywords.Mark Location (3)
~~~~~~~~~~~~~~~~~~~~~~~~~~~~~~~~~~~~~~~~~~~~~~~~~~~~~~~~~~~~~~~~~~~~~~~~~~~~~~
20170123 16:59:04.895 - INFO - +--- START KW: Check Location [ 0 | 1 | X ]
20170123 16:59:04.899 - INFO - +---- START KW: keywords.TicTacToeKeywords.Get Mark [ ${row} | ${col} ]
20170123 16:59:04.904 - INFO - ${m} = X
20170123 16:59:04.906 - INFO - +---- END KW: keywords.TicTacToeKeywords.Get Mark (8)
20170123 16:59:04.910 - INFO - +---- START KW: BuiltIn.Should Be Equal [ ${m} | ${mark} ]
20170123 16:59:04.916 - INFO - +---- END KW: BuiltIn.Should Be Equal (5)
20170123 16:59:04.918 - INFO - +--- END KW: Check Location (23)
~~~~~~~~~~~~~~~~~~~~~~~~~~~~~~~~~~~~~~~~~~~~~~~~~~~~~~~~~~~~~~~~~~~~~~~~~~~~~~
20170123 16:59:04.920 - INFO - +--- START KW: keywords.TicTacToeKeywords.Mark Location [ 2 | 1 ]
20170123 16:59:04.925 - INFO - +--- END KW: keywords.TicTacToeKeywords.Mark Location (5)
~~~~~~~~~~~~~~~~~~~~~~~~~~~~~~~~~~~~~~~~~~~~~~~~~~~~~~~~~~~~~~~~~~~~~~~~~~~~~~
20170123 16:59:04.926 - INFO - +--- START KW: Check Location [ 2 | 1 | O ]
20170123 16:59:04.933 - INFO - +---- START KW: keywords.TicTacToeKeywords.Get Mark [ ${row} | ${col} ]
20170123 16:59:04.948 - INFO - ${m} = O
20170123 16:59:04.958 - INFO - +---- END KW: keywords.TicTacToeKeywords.Get Mark (20)
20170123 16:59:04.960 - INFO - +---- START KW: BuiltIn.Should Be Equal [ ${m} | ${mark} ]
20170123 16:59:04.970 - INFO - +---- END KW: BuiltIn.Should Be Equal (11)
20170123 16:59:04.975 - INFO - +--- END KW: Check Location (49)
~~~~~~~~~~~~~~~~~~~~~~~~~~~~~~~~~~~~~~~~~~~~~~~~~~~~~~~~~~~~~~~~~~~~~~~~~~~~~~
20170123 16:59:04.977 - INFO - +--- START KW: keywords.TicTacToeKeywords.Mark Location [ 1 | 2 ]
20170123 16:59:04.982 - INFO - +--- END KW: keywords.TicTacToeKeywords.Mark Location (4)
~~~~~~~~~~~~~~~~~~~~~~~~~~~~~~~~~~~~~~~~~~~~~~~~~~~~~~~~~~~~~~~~~~~~~~~~~~~~~~
20170123 16:59:04.984 - INFO - +--- START KW: Check Location [ 1 | 2 | X ]
20170123 16:59:04.989 - INFO - +---- START KW: keywords.TicTacToeKeywords.Get Mark [ ${row} | ${col} ]
20170123 16:59:04.994 - INFO - ${m} = X
20170123 16:59:05.000 - INFO - +---- END KW: keywords.TicTacToeKeywords.Get Mark (9)
20170123 16:59:05.002 - INFO - +---- START KW: BuiltIn.Should Be Equal [ ${m} | ${mark} ]
20170123 16:59:05.010 - INFO - +---- END KW: BuiltIn.Should Be Equal (7)
20170123 16:59:05.015 - INFO - +--- END KW: Check Location (31)
~~~~~~~~~~~~~~~~~~~~~~~~~~~~~~~~~~~~~~~~~~~~~~~~~~~~~~~~~~~~~~~~~~~~~~~~~~~~~~
20170123 16:59:05.017 - INFO - +--- START KW: keywords.TicTacToeKeywords.Mark Location [ 1 | 0 ]
20170123 16:59:05.025 - INFO - +--- END KW: keywords.TicTacToeKeywords.Mark Location (6)
~~~~~~~~~~~~~~~~~~~~~~~~~~~~~~~~~~~~~~~~~~~~~~~~~~~~~~~~~~~~~~~~~~~~~~~~~~~~~~
20170123 16:59:05.033 - INFO - +--- START KW: Check Location [ 1 | 0 | O ]
20170123 16:59:05.038 - INFO - +---- START KW: keywords.TicTacToeKeywords.Get Mark [ ${row} | ${col} ]
20170123 16:59:05.043 - INFO - ${m} = O
20170123 16:59:05.045 - INFO - +---- END KW: keywords.TicTacToeKeywords.Get Mark (6)
20170123 16:59:05.046 - INFO - +---- START KW: BuiltIn.Should Be Equal [ ${m} | ${mark} ]
20170123 16:59:05.054 - INFO - +---- END KW: BuiltIn.Should Be Equal (8)
20170123 16:59:05.056 - INFO - +--- END KW: Check Location (27)
~~~~~~~~~~~~~~~~~~~~~~~~~~~~~~~~~~~~~~~~~~~~~~~~~~~~~~~~~~~~~~~~~~~~~~~~~~~~~~
20170123 16:59:05.057 - INFO - +--- START KW: keywords.TicTacToeKeywords.Mark Location [ 2 | 2 ]
20170123 16:59:05.060 - INFO - +--- END KW: keywords.TicTacToeKeywords.Mark Location (3)
~~~~~~~~~~~~~~~~~~~~~~~~~~~~~~~~~~~~~~~~~~~~~~~~~~~~~~~~~~~~~~~~~~~~~~~~~~~~~~
20170123 16:59:05.062 - INFO - +--- START KW: Check Location [ 2 | 2 | X ]
20170123 16:59:05.066 - INFO - +---- START KW: keywords.TicTacToeKeywords.Get Mark [ ${row} | ${col} ]
20170123 16:59:05.070 - INFO - ${m} = X
20170123 16:59:05.072 - INFO - +---- END KW: keywords.TicTacToeKeywords.Get Mark (5)
20170123 16:59:05.073 - INFO - +---- START KW: BuiltIn.Should Be Equal [ ${m} | ${mark} ]
20170123 16:59:05.078 - INFO - +---- END KW: BuiltIn.Should Be Equal (4)
20170123 16:59:05.079 - INFO - +--- END KW: Check Location (18)
~~~~~~~~~~~~~~~~~~~~~~~~~~~~~~~~~~~~~~~~~~~~~~~~~~~~~~~~~~~~~~~~~~~~~~~~~~~~~~
20170123 16:59:05.081 - INFO - +--- START KW: Winner Should Be [ TIE ]
20170123 16:59:05.084 - INFO - +---- START KW: keywords.TicTacToeKeywords.Get Winner [ ]
20170123 16:59:05.086 - INFO - ${m} = TIE
20170123 16:59:05.088 - INFO - +---- END KW: keywords.TicTacToeKeywords.Get Winner (3)
20170123 16:59:05.089 - INFO - +---- START KW: BuiltIn.Should Be Equal [ ${m} | ${mark} ]
20170123 16:59:05.096 - INFO - +---- END KW: BuiltIn.Should Be Equal (6)
20170123 16:59:05.098 - INFO - +--- END KW: Winner Should Be (17)
------------------------------------------------------------------------------
20170123 16:59:05.104 - INFO - +-- END TEST: Force a Tie (344)
------------------------------------------------------------------------------
20170123 16:59:05.120 - INFO - +- END SUITE: Acceptancetest.TicTacToeTests (869)
==============================================================================
20170123 16:59:05.139 - INFO - + END SUITE: Acceptancetest (1198)
==============================================================================
